<?xml version="1.0" encoding="UTF-8"?>
<testsuites name="Calculator_Component" time="30.446" tests="1" failures="0" errors="0">
   <testsuite name="Calculator_Component" tests="1" failures="0" errors="0" time="30.446" skipped="0" timestamp="08-05-2025T09:16:30" hostname="Anna - DESKTOP-3UT53HP" id="Test Suites/Calculator_Component">
      <properties>
         <property name="deviceName" value=""/>
         <property name="devicePlatform" value=""/>
         <property name="logFolder" value="C:\\Users\\Anna\\git\\K548-ESP\\Reports\\20250508_091619\\Calculator_Component\\20250508_091619"/>
         <property name="logFiles" value="C:\\Users\\Anna\\git\\K548-ESP\\Reports\\20250508_091619\\Calculator_Component\\20250508_091619\\execution0.log"/>
         <property name="attachments" value=""/>
         <property name="hostName" value="Anna - DESKTOP-3UT53HP"/>
         <property name="os" value="Windows 10 64bit"/>
         <property name="katalonVersion" value="9.4.0.212"/>
         <property name="browser" value="Chrome 136.0.0.0"/>
         <property name="hostAddress" value="192.168.56.1"/>
         <property name="sessionId" value="5d63c1be6c5d3daf397657aaa861686e"/>
         <property name="seleniumVersion" value="3.141.59"/>
         <property name="proxyInformation" value="ProxyInformation { proxyOption=NO_PROXY, proxyServerType=HTTP, username=, password=********, proxyServerAddress=, proxyServerPort=0, executionList=&quot;&quot;, isApplyToDesiredCapabilities=true }"/>
         <property name="platform" value="Windows 10"/>
      </properties>
      <testcase name="Test Cases/Calculator_Component" time="30.112" classname="Test Cases/Calculator_Component" status="PASSED">
         <system-out><![CDATA[08-05-2025T09:16:31 - [TEST_CASE][PASSED] - Test Cases/Calculator_Component: Test Cases/Calculator_Component

08-05-2025T09:16:31 - [TEST_STEP][PASSED] - openBrowser(""): Browser is opened with url: ''

08-05-2025T09:16:32 - [MESSAGE][INFO] - Starting 'Chrome' driver

08-05-2025T09:16:32 - [MESSAGE][INFO] - Action delay is set to 0 milliseconds

08-05-2025T09:16:35 - [MESSAGE][PASSED] - Browser is opened with url: ''

08-05-2025T09:16:35 - [TEST_STEP][PASSED] - navigateToUrl("http://localhost:3000/"): Navigate to 'http://localhost:3000/' successfully

08-05-2025T09:16:38 - [MESSAGE][PASSED] - Navigate to 'http://localhost:3000/' successfully

08-05-2025T09:16:38 - [TEST_STEP][PASSED] - setText(findTestObject("Object Repository/Page_Employee Sustainability Page/input_Username_input"), "annlev"): Text 'annlev' is set on object 'Object Repository/Page_Employee Sustainability Page/input_Username_input'

08-05-2025T09:16:39 - [MESSAGE][PASSED] - Text 'annlev' is set on object 'Object Repository/Page_Employee Sustainability Page/input_Username_input'

08-05-2025T09:16:39 - [TEST_STEP][PASSED] - setEncryptedText(findTestObject("Object Repository/Page_Employee Sustainability Page/input_Password_input"), "aeHFOx8jV/A="): Text ****** has been set on object 'Object Repository/Page_Employee Sustainability Page/input_Password_input'

08-05-2025T09:16:39 - [MESSAGE][PASSED] - Text ****** has been set on object 'Object Repository/Page_Employee Sustainability Page/input_Password_input'

08-05-2025T09:16:39 - [TEST_STEP][PASSED] - click(findTestObject("Object Repository/Page_Employee Sustainability Page/button_Image ID 1_button")): Object: 'Object Repository/Page_Employee Sustainability Page/button_Image ID 1_button' is clicked on

08-05-2025T09:16:40 - [MESSAGE][PASSED] - Object: 'Object Repository/Page_Employee Sustainability Page/button_Image ID 1_button' is clicked on

08-05-2025T09:16:40 - [TEST_STEP][PASSED] - click(findTestObject("Object Repository/Page_Employee Sustainability Page/a_Footprint Calculator")): Object: 'Object Repository/Page_Employee Sustainability Page/a_Footprint Calculator' is clicked on

08-05-2025T09:16:41 - [MESSAGE][PASSED] - Object: 'Object Repository/Page_Employee Sustainability Page/a_Footprint Calculator' is clicked on

08-05-2025T09:16:41 - [TEST_STEP][PASSED] - selectOptionByValue(findTestObject("Object Repository/Page_Employee Sustainability Page/select_WinterSpringSummerFall"), "Spring", true): All options with value 'Spring' are selected in object 'Object Repository/Page_Employee Sustainability Page/select_WinterSpringSummerFall'  using regular expression

08-05-2025T09:16:43 - [MESSAGE][PASSED] - All options with value 'Spring' are selected in object 'Object Repository/Page_Employee Sustainability Page/select_WinterSpringSummerFall'  using regular expression

08-05-2025T09:16:43 - [TEST_STEP][PASSED] - selectOptionByValue(findTestObject("Object Repository/Page_Employee Sustainability Page/select_Please, choose optionUSAUKSwedenFranceOther"), "Other", true): All options with value 'Other' are selected in object 'Object Repository/Page_Employee Sustainability Page/select_Please, choose optionUSAUKSwedenFranceOther'  using regular expression

08-05-2025T09:16:44 - [MESSAGE][PASSED] - All options with value 'Other' are selected in object 'Object Repository/Page_Employee Sustainability Page/select_Please, choose optionUSAUKSwedenFranceOther'  using regular expression

08-05-2025T09:16:44 - [TEST_STEP][PASSED] - click(findTestObject("Object Repository/Page_Employee Sustainability Page/button_Next")): Object: 'Object Repository/Page_Employee Sustainability Page/button_Next' is clicked on

08-05-2025T09:16:44 - [MESSAGE][PASSED] - Object: 'Object Repository/Page_Employee Sustainability Page/button_Next' is clicked on

08-05-2025T09:16:44 - [TEST_STEP][PASSED] - selectOptionByValue(findTestObject("Object Repository/Page_Employee Sustainability Page/select_Please, choose optionApartmentDetach_79c02f"), "Apartment", true): All options with value 'Apartment' are selected in object 'Object Repository/Page_Employee Sustainability Page/select_Please, choose optionApartmentDetach_79c02f'  using regular expression

08-05-2025T09:16:45 - [MESSAGE][PASSED] - All options with value 'Apartment' are selected in object 'Object Repository/Page_Employee Sustainability Page/select_Please, choose optionApartmentDetach_79c02f'  using regular expression

08-05-2025T09:16:45 - [TEST_STEP][PASSED] - click(findTestObject("Object Repository/Page_Employee Sustainability Page/button_Next")): Object: 'Object Repository/Page_Employee Sustainability Page/button_Next' is clicked on

08-05-2025T09:16:46 - [MESSAGE][PASSED] - Object: 'Object Repository/Page_Employee Sustainability Page/button_Next' is clicked on

08-05-2025T09:16:46 - [TEST_STEP][PASSED] - setText(findTestObject("Object Repository/Page_Employee Sustainability Page/input_Age_input"), "60"): Text '60' is set on object 'Object Repository/Page_Employee Sustainability Page/input_Age_input'

08-05-2025T09:16:46 - [MESSAGE][PASSED] - Text '60' is set on object 'Object Repository/Page_Employee Sustainability Page/input_Age_input'

08-05-2025T09:16:46 - [TEST_STEP][PASSED] - click(findTestObject("Object Repository/Page_Employee Sustainability Page/button_Next")): Object: 'Object Repository/Page_Employee Sustainability Page/button_Next' is clicked on

08-05-2025T09:16:47 - [MESSAGE][PASSED] - Object: 'Object Repository/Page_Employee Sustainability Page/button_Next' is clicked on

08-05-2025T09:16:47 - [TEST_STEP][PASSED] - setText(findTestObject("Object Repository/Page_Employee Sustainability Page/input_Age_input"), "5"): Text '5' is set on object 'Object Repository/Page_Employee Sustainability Page/input_Age_input'

08-05-2025T09:16:48 - [MESSAGE][PASSED] - Text '5' is set on object 'Object Repository/Page_Employee Sustainability Page/input_Age_input'

08-05-2025T09:16:48 - [TEST_STEP][PASSED] - click(findTestObject("Object Repository/Page_Employee Sustainability Page/button_Next")): Object: 'Object Repository/Page_Employee Sustainability Page/button_Next' is clicked on

08-05-2025T09:16:48 - [MESSAGE][PASSED] - Object: 'Object Repository/Page_Employee Sustainability Page/button_Next' is clicked on

08-05-2025T09:16:48 - [TEST_STEP][PASSED] - selectOptionByValue(findTestObject("Object Repository/Page_Employee Sustainability Page/select_Please, choose optionNatural GasHeat_2e57be"), "District Heating", true): All options with value 'District Heating' are selected in object 'Object Repository/Page_Employee Sustainability Page/select_Please, choose optionNatural GasHeat_2e57be'  using regular expression

08-05-2025T09:16:49 - [MESSAGE][PASSED] - All options with value 'District Heating' are selected in object 'Object Repository/Page_Employee Sustainability Page/select_Please, choose optionNatural GasHeat_2e57be'  using regular expression

08-05-2025T09:16:49 - [TEST_STEP][PASSED] - click(findTestObject("Object Repository/Page_Employee Sustainability Page/button_Next")): Object: 'Object Repository/Page_Employee Sustainability Page/button_Next' is clicked on

08-05-2025T09:16:50 - [MESSAGE][PASSED] - Object: 'Object Repository/Page_Employee Sustainability Page/button_Next' is clicked on

08-05-2025T09:16:50 - [TEST_STEP][PASSED] - click(findTestObject("Object Repository/Page_Employee Sustainability Page/button_I dont know")): Object: 'Object Repository/Page_Employee Sustainability Page/button_I dont know' is clicked on

08-05-2025T09:16:50 - [MESSAGE][PASSED] - Object: 'Object Repository/Page_Employee Sustainability Page/button_I dont know' is clicked on

08-05-2025T09:16:50 - [TEST_STEP][PASSED] - selectOptionByValue(findTestObject("Object Repository/Page_Employee Sustainability Page/select_Please, choose optionYesNo"), "Yes", true): All options with value 'Yes' are selected in object 'Object Repository/Page_Employee Sustainability Page/select_Please, choose optionYesNo'  using regular expression

08-05-2025T09:16:51 - [MESSAGE][PASSED] - All options with value 'Yes' are selected in object 'Object Repository/Page_Employee Sustainability Page/select_Please, choose optionYesNo'  using regular expression

08-05-2025T09:16:51 - [TEST_STEP][PASSED] - click(findTestObject("Object Repository/Page_Employee Sustainability Page/button_Next")): Object: 'Object Repository/Page_Employee Sustainability Page/button_Next' is clicked on

08-05-2025T09:16:51 - [MESSAGE][PASSED] - Object: 'Object Repository/Page_Employee Sustainability Page/button_Next' is clicked on

08-05-2025T09:16:51 - [TEST_STEP][PASSED] - selectOptionByValue(findTestObject("Object Repository/Page_Employee Sustainability Page/select_Please, choose optionPetrolDieselHyb_106d56"), "Petrol", true): All options with value 'Petrol' are selected in object 'Object Repository/Page_Employee Sustainability Page/select_Please, choose optionPetrolDieselHyb_106d56'  using regular expression

08-05-2025T09:16:52 - [MESSAGE][PASSED] - All options with value 'Petrol' are selected in object 'Object Repository/Page_Employee Sustainability Page/select_Please, choose optionPetrolDieselHyb_106d56'  using regular expression

08-05-2025T09:16:52 - [TEST_STEP][PASSED] - click(findTestObject("Object Repository/Page_Employee Sustainability Page/button_Next")): Object: 'Object Repository/Page_Employee Sustainability Page/button_Next' is clicked on

08-05-2025T09:16:53 - [MESSAGE][PASSED] - Object: 'Object Repository/Page_Employee Sustainability Page/button_Next' is clicked on

08-05-2025T09:16:53 - [TEST_STEP][PASSED] - click(findTestObject("Object Repository/Page_Employee Sustainability Page/button_I dont know")): Object: 'Object Repository/Page_Employee Sustainability Page/button_I dont know' is clicked on

08-05-2025T09:16:53 - [MESSAGE][PASSED] - Object: 'Object Repository/Page_Employee Sustainability Page/button_I dont know' is clicked on

08-05-2025T09:16:53 - [TEST_STEP][PASSED] - setText(findTestObject("Object Repository/Page_Employee Sustainability Page/input_Age_input"), "1"): Text '1' is set on object 'Object Repository/Page_Employee Sustainability Page/input_Age_input'

08-05-2025T09:16:54 - [MESSAGE][PASSED] - Text '1' is set on object 'Object Repository/Page_Employee Sustainability Page/input_Age_input'

08-05-2025T09:16:54 - [TEST_STEP][PASSED] - click(findTestObject("Object Repository/Page_Employee Sustainability Page/button_Next")): Object: 'Object Repository/Page_Employee Sustainability Page/button_Next' is clicked on

08-05-2025T09:16:54 - [MESSAGE][PASSED] - Object: 'Object Repository/Page_Employee Sustainability Page/button_Next' is clicked on

08-05-2025T09:16:54 - [TEST_STEP][PASSED] - click(findTestObject("Object Repository/Page_Employee Sustainability Page/button_I dont know")): Object: 'Object Repository/Page_Employee Sustainability Page/button_I dont know' is clicked on

08-05-2025T09:16:55 - [MESSAGE][PASSED] - Object: 'Object Repository/Page_Employee Sustainability Page/button_I dont know' is clicked on

08-05-2025T09:16:55 - [TEST_STEP][PASSED] - selectOptionByValue(findTestObject("Object Repository/Page_Employee Sustainability Page/select_Please, choose optionRarelyEvery yea_e7df67"), "Rarely", true): All options with value 'Rarely' are selected in object 'Object Repository/Page_Employee Sustainability Page/select_Please, choose optionRarelyEvery yea_e7df67'  using regular expression

08-05-2025T09:16:56 - [MESSAGE][PASSED] - All options with value 'Rarely' are selected in object 'Object Repository/Page_Employee Sustainability Page/select_Please, choose optionRarelyEvery yea_e7df67'  using regular expression

08-05-2025T09:16:56 - [TEST_STEP][PASSED] - click(findTestObject("Object Repository/Page_Employee Sustainability Page/button_Next")): Object: 'Object Repository/Page_Employee Sustainability Page/button_Next' is clicked on

08-05-2025T09:16:56 - [MESSAGE][PASSED] - Object: 'Object Repository/Page_Employee Sustainability Page/button_Next' is clicked on

08-05-2025T09:16:56 - [TEST_STEP][PASSED] - selectOptionByValue(findTestObject("Object Repository/Page_Employee Sustainability Page/select_Please, choose optionVeganVegetarian_b1d045"), "Meat-eater", true): All options with value 'Meat-eater' are selected in object 'Object Repository/Page_Employee Sustainability Page/select_Please, choose optionVeganVegetarian_b1d045'  using regular expression

08-05-2025T09:16:57 - [MESSAGE][PASSED] - All options with value 'Meat-eater' are selected in object 'Object Repository/Page_Employee Sustainability Page/select_Please, choose optionVeganVegetarian_b1d045'  using regular expression

08-05-2025T09:16:57 - [TEST_STEP][PASSED] - click(findTestObject("Object Repository/Page_Employee Sustainability Page/button_Next")): Object: 'Object Repository/Page_Employee Sustainability Page/button_Next' is clicked on

08-05-2025T09:16:58 - [MESSAGE][PASSED] - Object: 'Object Repository/Page_Employee Sustainability Page/button_Next' is clicked on

08-05-2025T09:16:58 - [TEST_STEP][PASSED] - click(findTestObject("Object Repository/Page_Employee Sustainability Page/button_I dont know")): Object: 'Object Repository/Page_Employee Sustainability Page/button_I dont know' is clicked on

08-05-2025T09:16:58 - [MESSAGE][PASSED] - Object: 'Object Repository/Page_Employee Sustainability Page/button_I dont know' is clicked on

08-05-2025T09:16:58 - [TEST_STEP][PASSED] - setText(findTestObject("Object Repository/Page_Employee Sustainability Page/input_Age_input"), "5"): Text '5' is set on object 'Object Repository/Page_Employee Sustainability Page/input_Age_input'

08-05-2025T09:16:59 - [MESSAGE][PASSED] - Text '5' is set on object 'Object Repository/Page_Employee Sustainability Page/input_Age_input'

08-05-2025T09:16:59 - [TEST_STEP][PASSED] - click(findTestObject("Object Repository/Page_Employee Sustainability Page/button_Next")): Object: 'Object Repository/Page_Employee Sustainability Page/button_Next' is clicked on

08-05-2025T09:16:59 - [MESSAGE][PASSED] - Object: 'Object Repository/Page_Employee Sustainability Page/button_Next' is clicked on

08-05-2025T09:16:59 - [TEST_STEP][PASSED] - setText(findTestObject("Object Repository/Page_Employee Sustainability Page/input_Age_input"), "1"): Text '1' is set on object 'Object Repository/Page_Employee Sustainability Page/input_Age_input'

08-05-2025T09:17:00 - [MESSAGE][PASSED] - Text '1' is set on object 'Object Repository/Page_Employee Sustainability Page/input_Age_input'

08-05-2025T09:17:00 - [TEST_STEP][PASSED] - click(findTestObject("Object Repository/Page_Employee Sustainability Page/button_Next")): Object: 'Object Repository/Page_Employee Sustainability Page/button_Next' is clicked on

08-05-2025T09:17:00 - [MESSAGE][PASSED] - Object: 'Object Repository/Page_Employee Sustainability Page/button_Next' is clicked on

08-05-2025T09:17:00 - [TEST_STEP][PASSED] - verifyElementPresent(findTestObject("Object Repository/Page_Employee Sustainability Page/select_Please, choose optionLow (5 hrsweek)_1b6309"), 0): Object 'Object Repository/Page_Employee Sustainability Page/select_Please, choose optionLow (5 hrsweek)_1b6309' is present

08-05-2025T09:17:00 - [MESSAGE][WARNING] - Timeout '0' is invalid. Using default page load timeout: '30'

08-05-2025T09:17:01 - [MESSAGE][PASSED] - Object 'Object Repository/Page_Employee Sustainability Page/select_Please, choose optionLow (5 hrsweek)_1b6309' is present]]></system-out>
         <system-err><![CDATA[]]></system-err>
      </testcase>
      <system-out><![CDATA[08-05-2025T09:16:30 - [TEST_SUITE][PASSED] - Calculator_Component: Test Cases/Calculator_Component]]></system-out>
      <system-err><![CDATA[]]></system-err>
   </testsuite>
</testsuites>
